- Pascal-FC for IBM PC compatibles - 
- GNU Compiler Version P5.2.1.5

G L Davies  &  A Burns, University of York
G Ospina, Escuela Colombiana de Ingenieria Julio Garavito

Compiler listing

    1     0 program lab01b;
    2     0 
    3     0 var i, j, dimension : Integer;
    4     0 var producto: Real;
    5     0 var vektor1: array[0..2000] of Real;
    6     0 var vektor2: array[0..2000] of Real;
    7     0 begin
    8     0     
    9     0     Write( 'Introduzca longitud de los vectores: ' );
   10     2     ReadLn( i );
   11     5 
   12     5     dimension:= i-1;
   13    10         
   14    10     begin
   15    10         for j := 0 to dimension do
   16    14         begin
   17    14               Write( 'Introduzca valores para el vector 1: ' );
   18    16               ReadLn( vektor1[j] );
   19    21         end;      
   20    22     end;
   21    22 
   22    22     begin
   23    22         for j := 0 to dimension do
   24    26         begin
   25    26               Write( 'Introduzca valores para el vector 2: ' );
   26    28               ReadLn( vektor2[j] );
   27    33         end;      
   28    34     end;
   29    34 
   30    34     begin
   31    34     producto := 0;
   32    38         for j := 0 to dimension do
   33    42         begin
   34    42               producto := ((vektor1[j] * vektor2[j]) + producto);
   35    55         end;      
   36    56     end;
   37    56 
   38    56     WriteLn(producto);
   39    59 end.



Symbol table

    name       link      objekt       type         ref      nrm  lev  adr  aux

 45 _main        44     procedure   notyp           2      True    0    0    0
 46 any           0     variable    synch           0      True    1    5    0
 47 i            46     variable    integer         0      True    1    5    0
 48 j            47     variable    integer         0      True    1    6    0
 49 dimension    48     variable    integer         0      True    1    7    0
 50 producto     49     variable    real            0      True    1    8    0
 51 vektor1      50     variable    array           1      True    1    9    0
 52 vektor2      51     variable    array           2      True    1 2010    0

Generated P-code

    0     ldcon.i      0        37          ;9
    1     wrstr        0         0          ;9
    2     ldadr        1         5          ;10
    3     rdinp.i      0         0          ;10
    4     rdlin        0         0          ;10
    5     ldadr        1         7          ;10
    6     ldval.i      1         5          ;12
    7     ldcon.i      0         1          ;12
    8     subop.i      0         0          ;12
    9     store.i      0         0          ;12
   10     ldadr        1         6          ;14
   11     ldcon.i      0         0          ;15
   12     ldval.i      1         7          ;15
   13     for1u.i      0        22          ;15
   14     ldcon.i      0        37          ;17
   15     wrstr        0        37          ;17
   16     ldadr        1         9          ;18
   17     ldval.i      1         6          ;18
   18     ixary.i      0         1          ;18
   19     rdinp.r      0         0          ;18
   20     rdlin        0         0          ;18
   21     for2u.i      0        14          ;18
   22     ldadr        1         6          ;22
   23     ldcon.i      0         0          ;23
   24     ldval.i      1         7          ;23
   25     for1u.i      0        34          ;23
   26     ldcon.i      0        37          ;25
   27     wrstr        0        74          ;25
   28     ldadr        1      2010          ;26
   29     ldval.i      1         6          ;26
   30     ixary.i      0         2          ;26
   31     rdinp.r      0         0          ;26
   32     rdlin        0         0          ;26
   33     for2u.i      0        26          ;26
   34     ldadr        1         8          ;30
   35     ldcon.i      0         0          ;31
   36     float        0         0          ;31
   37     store.r      0         0          ;31
   38     ldadr        1         6          ;31
   39     ldcon.i      0         0          ;32
   40     ldval.i      1         7          ;32
   41     for1u.i      0        56          ;32
   42     ldadr        1         8          ;33
   43     ldadr        1         9          ;34
   44     ldval.i      1         6          ;34
   45     ixary.i      0         1          ;34
   46     rpadr.r      0         0          ;34
   47     ldadr        1      2010          ;34
   48     ldval.i      1         6          ;34
   49     ixary.i      0         2          ;34
   50     rpadr.r      0         0          ;34
   51     mulop.r      0         0          ;34
   52     ldval.r      1         8          ;34
   53     addop.r      0         0          ;34
   54     store.r      0         0          ;34
   55     for2u.i      0        42          ;34
   56     ldval.r      1         8          ;38
   57     wrval.r      0         0          ;38
   58     wrlin        0         0          ;38
   59     stopx        0         0          ;38
