- Pascal-FC for IBM PC compatibles - 
- GNU Compiler Version P5.2.1.5

G L Davies  &  A Burns, University of York
G Ospina, Escuela Colombiana de Ingenieria Julio Garavito

Compiler listing

    1     0 program parcial;
    2     0 
    3     0 
    4     0 const N = 6;
    5     0 var juego, x, y, xcelda, ycelda : Integer;
    6     0 var play: Char;
    7     0 type Tvector = array[0..N, 0..N] of Integer;
    8     0 var vecktor: Tvector;
    9     0 type Tcanal = channel of Integer;
   10     0 Tcanales = array[1..3000] of Tcanal;
   11     0 
   12     0 
   13     0     process type TPvector(var canalIn: Tcanales; var canalOut, valor: Tcanales; var vektor1: Tvector);
   14     0     var j,i, m,procesos, vecinos, muereovive : Integer;
   15     0     var newgame: Tvector;
   16     0         begin
   17     0        { while true do}
   18     0        procesos:=1;
   19     3            for i:= 1 to 3 do
   20     7             begin
   21     7                 newgame := vektor1;
   22    10                 j:=procesos;
   23    13                 for y := 0 to N do
   24    17                 begin
   25    17                     for x := 0 to N do
   26    21                     begin
   27    21                         vecinos :=  vektor1[(x - 1) mod (N+1)][(y - 1) mod (N+1)] + 
   28    40                                     vektor1[(x) mod (N+1)][(y - 1) mod (N+1)] + 
   29    57                                     vektor1[(x + 1) mod (N+1)][(y - 1) mod (N+1)] + 
   30    76                                     vektor1[(x - 1) mod (N+1)][(y) mod (N+1)] + 
   31    93                                     vektor1[(x + 1) mod (N+1)][(y) mod (N+1)] + 
   32   110                                     vektor1[(x - 1) mod (N+1)][(y + 1) mod (N+1)] + 
   33   129                                     vektor1[(x) mod (N+1)][(y + 1) mod (N+1)] + 
   34   146                                     vektor1[(x + 1) mod (N+1)][(y + 1) mod (N+1)];
   35   166 
   36   166                                     valor[j] ! vektor1[x][y];
   37   176                                     canalOut[j] ! vecinos; 
   38   181                                     
   39   181                                     canalIn[j] ? m;
   40   186                                     
   41   186                                     if ((vektor1[x][y] = 0)) then
   42   195                                     begin
   43   195                                         newgame[x][y] :=m;
   44   202                                     end;
   45   202                                 
   46   202                                     if ((vektor1[x][y] = 1) and ((vecinos < 2 ) or (vecinos >3))) then
   47   219                                     begin
   48   219                                         newgame[x][y] := m;
   49   226                                     end;
   50   226                                     
   51   226                                     if(newgame[x][y]=1) then
   52   235                                             write('X')
   53   237                                     else
   54   237                                             write('-');
   55   240                                     if x < N then
   56   244                                             write('+');          
   57   246                     j:= j+1;
   58   251                     end;  
   59   252                     WriteLn(' ');
   60   255                 end;
   61   256                 WriteLn(' '); 
   62   259              vektor1 := newgame;
   63   262              procesos := j;
   64   265             end;
   65   266             
   66   266         end;
   67   267 
   68   267     {matar o revivir}
   69   267     process type TPvecino(var canalIn: Tcanal; var valor:Tcanal; var canalOut :Tcanal);
   70   267     var i: integer;
   71   267     var dato:Integer;
   72   267     var vecinos:Integer;
   73   267     var muereovive:Integer;
   74   267     begin
   75   267 
   76   267         valor ? dato;
   77   270         canalIn ? vecinos;
   78   273 
   79   273             {vive}
   80   273             if ((dato = 0) and (vecinos = 3) ) then
   81   281             begin
   82   281                 muereovive := 1;
   83   284             end
   84   284             else
   85   284             begin
   86   285                 if ((dato = 1) and ((vecinos < 2 ) or (vecinos >3))) then
   87   297                 begin
   88   297                     muereovive := 0;
   89   300                 end;
   90   300             end;
   91   300             
   92   300         canalOut !  muereovive;
   93   303     end;
   94   304 
   95   304 {DIBUJAR - JUGAR}
   96   304 
   97   304 var pvector: TPvector;
   98   304 type Tprocessesvecinos = ARRAY[1..200] of TPvecino;
   99   304 var matarrevivir: Tprocessesvecinos;
  100   304 
  101   304 var canalVecino, vecino, valor : Tcanales;
  102   304 var i, j : Integer;
  103   304 begin
  104   304   juego:=0;
  105   307   xcelda := 3;
  106   310   ycelda := 5;
  107   313   vecktor[xcelda mod (N+1)][ycelda mod (N+1)] := 1;
  108   328     while juego=0 do
  109   332         begin
  110   332             for y := 0 to N do
  111   336             begin
  112   336                 for x := 0 to N do
  113   340                 begin
  114   340                     if(vecktor[x][y]=1) then
  115   349                         write('X')
  116   351                     else
  117   351                         write('-');
  118   354                     if x < N then
  119   358                         write('+');
  120   360                     end;   
  121   361             WriteLn(' ');
  122   364             end;
  123   365 
  124   365             WriteLn('Para moverse use las teclas a-d w-s');
  125   368             WriteLn('Para pintar pulse f');
  126   371             WriteLn('Para iniciar el juego pulse j');
  127   374             ReadLn(play);
  128   377             If play = 'w' Then
  129   381             begin
  130   381                 vecktor[xcelda mod (N+1)][ycelda mod (N+1)] := 0;
  131   396                 xcelda := xcelda ;
  132   399                 ycelda := ycelda -1;
  133   404                 vecktor[xcelda mod (N+1)][ycelda mod (N+1)] := 1;
  134   419             end;
  135   419             If play = 's' Then
  136   423             begin
  137   423                 vecktor[xcelda mod (N+1)][ycelda mod (N+1)] := 0;
  138   438                 xcelda := xcelda;
  139   441                 ycelda := ycelda +1;
  140   446                 vecktor[xcelda mod (N+1)][ycelda mod (N+1)] := 1;
  141   461             end;
  142   461             If play = 'd' Then
  143   465             begin
  144   465                 vecktor[xcelda mod (N+1)][ycelda mod (N+1)] := 0;
  145   480                 xcelda := xcelda +1;
  146   485                 ycelda := ycelda;
  147   488                 vecktor[xcelda mod (N+1)][ycelda mod (N+1)] := 1;
  148   503             end;   
  149   503             If play = 'a' Then
  150   507             begin
  151   507                 vecktor[xcelda mod (N+1)][ycelda mod (N+1)] := 0;
  152   522                 ycelda := ycelda ;
  153   525                 xcelda := xcelda -1;
  154   530                 vecktor[xcelda mod (N+1)][ycelda mod (N+1)] := 1;
  155   545             end;  
  156   545             If play = 'f' Then
  157   549             begin
  158   549                 vecktor[xcelda mod (N+1)][ycelda mod (N+1)] := 1;
  159   564                 xcelda := xcelda +1;
  160   569                 vecktor[(xcelda mod (N+1))][ycelda mod (N+1)] := 1;
  161   584             end; 
  162   584             If play = 'j' Then
  163   588             begin
  164   588                 juego := 1;
  165   591             end;   
  166   591         end;   
  167   592 
  168   592 
  169   592     begin
  170   592             cobegin                
  171   593                 begin
  172   593                     pvector(canalVecino, vecino, valor, vecktor);
  173   601                         for i:= 1 to ((N+1)*(N+1))*3 do
  174   613                             matarrevivir[i](vecino[i], valor[i],  canalVecino[i]);
  175   629                 end; 
  176   629             coend;
  177   630     end;
  178   630 
  179   630 end.



Symbol table

    name       link      objekt       type         ref      nrm  lev  adr  aux

 45 _main        44     procedure   notyp           2      True    0  304    0
 46 any           0     variable    synch           0      True    1    5    0
 47 n            46     constant    integer         0     False    1    6    0
 48 juego        47     variable    integer         0      True    1    5    0
 49 x            48     variable    integer         0      True    1    6    0
 50 y            49     variable    integer         0      True    1    7    0
 51 xcelda       50     variable    integer         0      True    1    8    0
 52 ycelda       51     variable    integer         0      True    1    9    0
 53 play         52     variable    char            0      True    1   10    0
 54 tvector      53     type id     array           1     False    1   49    0
 55 vecktor      54     variable    array           1      True    1   11    0
 56 tcanal       55     type id     channel         1     False    1    3    0
 57 tcanales     56     type id     array           3     False    1 9000    0
 58 tpvector     57     type id     process         3      True    1    0    0
 59 canalin       0     variable    array           3     False    2    5    0
 60 canalout     59     variable    array           3     False    2    6    0
 61 valor        60     variable    array           3     False    2    7    0
 62 vektor1      61     variable    array           1     False    2    8    0
 63 j            62     variable    integer         0      True    2    9    0
 64 i            63     variable    integer         0      True    2   10    0
 65 m            64     variable    integer         0      True    2   11    0
 66 procesos     65     variable    integer         0      True    2   12    0
 67 vecinos      66     variable    integer         0      True    2   13    0
 68 muereovive   67     variable    integer         0      True    2   14    0
 69 newgame      68     variable    array           1      True    2   15    0
 70 tpvecino     58     type id     process         4      True    1  267    0
 71 canalin       0     variable    channel         1     False    2    5    0
 72 valor        71     variable    channel         1     False    2    6    0
 73 canalout     72     variable    channel         1     False    2    7    0
 74 i            73     variable    integer         0      True    2    8    0
 75 dato         74     variable    integer         0      True    2    9    0
 76 vecinos      75     variable    integer         0      True    2   10    0
 77 muereovive   76     variable    integer         0      True    2   11    0
 78 pvector      70     variable    process         3      True    1   60    0
 79 tprocesses   78     type id     array           4     False    1  200    0
 80 matarreviv   79     variable    array           4      True    1   61    0
 81 canalvecin   80     variable    array           3      True    1  261    0
 82 vecino       81     variable    array           3      True    1 9261    0
 83 valor        82     variable    array           3      True    118261    0
 84 i            83     variable    integer         0      True    127261    0
 85 j            84     variable    integer         0      True    127262    0

Generated P-code

    0     ldadr        2        12          ;16
    1     ldcon.i      0         1          ;18
    2     store.i      0         0          ;18
    3     ldadr        2        10          ;18
    4     ldcon.i      0         1          ;19
    5     ldcon.i      0         3          ;19
    6     for1u.i      0       266          ;19
    7     ldadr        2        15          ;20
    8     ldval.adr    2         8          ;21
    9     cpblk        0        49          ;21
   10     ldadr        2         9          ;21
   11     ldval.i      2        12          ;22
   12     store.i      0         0          ;22
   13     ldadr        1         7          ;22
   14     ldcon.i      0         0          ;23
   15     ldcon.i      0         6          ;23
   16     for1u.i      0       256          ;23
   17     ldadr        1         6          ;24
   18     ldcon.i      0         0          ;25
   19     ldcon.i      0         6          ;25
   20     for1u.i      0       252          ;25
   21     ldadr        2        13          ;26
   22     ldval.adr    2         8          ;27
   23     ldval.i      1         6          ;27
   24     ldcon.i      0         1          ;27
   25     subop.i      0         0          ;27
   26     ldcon.i      0         6          ;27
   27     ldcon.i      0         1          ;27
   28     addop.i      0         0          ;27
   29     modop.i      0         0          ;27
   30     ixary.i      0         1          ;27
   31     ldval.i      1         7          ;27
   32     ldcon.i      0         1          ;27
   33     subop.i      0         0          ;27
   34     ldcon.i      0         6          ;27
   35     ldcon.i      0         1          ;27
   36     addop.i      0         0          ;27
   37     modop.i      0         0          ;27
   38     ixary.i      0         2          ;27
   39     rpadr.i      0         0          ;27
   40     ldval.adr    2         8          ;27
   41     ldval.i      1         6          ;28
   42     ldcon.i      0         6          ;28
   43     ldcon.i      0         1          ;28
   44     addop.i      0         0          ;28
   45     modop.i      0         0          ;28
   46     ixary.i      0         1          ;28
   47     ldval.i      1         7          ;28
   48     ldcon.i      0         1          ;28
   49     subop.i      0         0          ;28
   50     ldcon.i      0         6          ;28
   51     ldcon.i      0         1          ;28
   52     addop.i      0         0          ;28
   53     modop.i      0         0          ;28
   54     ixary.i      0         2          ;28
   55     rpadr.i      0         0          ;28
   56     addop.i      0         0          ;28
   57     ldval.adr    2         8          ;28
   58     ldval.i      1         6          ;29
   59     ldcon.i      0         1          ;29
   60     addop.i      0         0          ;29
   61     ldcon.i      0         6          ;29
   62     ldcon.i      0         1          ;29
   63     addop.i      0         0          ;29
   64     modop.i      0         0          ;29
   65     ixary.i      0         1          ;29
   66     ldval.i      1         7          ;29
   67     ldcon.i      0         1          ;29
   68     subop.i      0         0          ;29
   69     ldcon.i      0         6          ;29
   70     ldcon.i      0         1          ;29
   71     addop.i      0         0          ;29
   72     modop.i      0         0          ;29
   73     ixary.i      0         2          ;29
   74     rpadr.i      0         0          ;29
   75     addop.i      0         0          ;29
   76     ldval.adr    2         8          ;29
   77     ldval.i      1         6          ;30
   78     ldcon.i      0         1          ;30
   79     subop.i      0         0          ;30
   80     ldcon.i      0         6          ;30
   81     ldcon.i      0         1          ;30
   82     addop.i      0         0          ;30
   83     modop.i      0         0          ;30
   84     ixary.i      0         1          ;30
   85     ldval.i      1         7          ;30
   86     ldcon.i      0         6          ;30
   87     ldcon.i      0         1          ;30
   88     addop.i      0         0          ;30
   89     modop.i      0         0          ;30
   90     ixary.i      0         2          ;30
   91     rpadr.i      0         0          ;30
   92     addop.i      0         0          ;30
   93     ldval.adr    2         8          ;30
   94     ldval.i      1         6          ;31
   95     ldcon.i      0         1          ;31
   96     addop.i      0         0          ;31
   97     ldcon.i      0         6          ;31
   98     ldcon.i      0         1          ;31
   99     addop.i      0         0          ;31
  100     modop.i      0         0          ;31
  101     ixary.i      0         1          ;31
  102     ldval.i      1         7          ;31
  103     ldcon.i      0         6          ;31
  104     ldcon.i      0         1          ;31
  105     addop.i      0         0          ;31
  106     modop.i      0         0          ;31
  107     ixary.i      0         2          ;31
  108     rpadr.i      0         0          ;31
  109     addop.i      0         0          ;31
  110     ldval.adr    2         8          ;31
  111     ldval.i      1         6          ;32
  112     ldcon.i      0         1          ;32
  113     subop.i      0         0          ;32
  114     ldcon.i      0         6          ;32
  115     ldcon.i      0         1          ;32
  116     addop.i      0         0          ;32
  117     modop.i      0         0          ;32
  118     ixary.i      0         1          ;32
  119     ldval.i      1         7          ;32
  120     ldcon.i      0         1          ;32
  121     addop.i      0         0          ;32
  122     ldcon.i      0         6          ;32
  123     ldcon.i      0         1          ;32
  124     addop.i      0         0          ;32
  125     modop.i      0         0          ;32
  126     ixary.i      0         2          ;32
  127     rpadr.i      0         0          ;32
  128     addop.i      0         0          ;32
  129     ldval.adr    2         8          ;32
  130     ldval.i      1         6          ;33
  131     ldcon.i      0         6          ;33
  132     ldcon.i      0         1          ;33
  133     addop.i      0         0          ;33
  134     modop.i      0         0          ;33
  135     ixary.i      0         1          ;33
  136     ldval.i      1         7          ;33
  137     ldcon.i      0         1          ;33
  138     addop.i      0         0          ;33
  139     ldcon.i      0         6          ;33
  140     ldcon.i      0         1          ;33
  141     addop.i      0         0          ;33
  142     modop.i      0         0          ;33
  143     ixary.i      0         2          ;33
  144     rpadr.i      0         0          ;33
  145     addop.i      0         0          ;33
  146     ldval.adr    2         8          ;33
  147     ldval.i      1         6          ;34
  148     ldcon.i      0         1          ;34
  149     addop.i      0         0          ;34
  150     ldcon.i      0         6          ;34
  151     ldcon.i      0         1          ;34
  152     addop.i      0         0          ;34
  153     modop.i      0         0          ;34
  154     ixary.i      0         1          ;34
  155     ldval.i      1         7          ;34
  156     ldcon.i      0         1          ;34
  157     addop.i      0         0          ;34
  158     ldcon.i      0         6          ;34
  159     ldcon.i      0         1          ;34
  160     addop.i      0         0          ;34
  161     modop.i      0         0          ;34
  162     ixary.i      0         2          ;34
  163     rpadr.i      0         0          ;34
  164     addop.i      0         0          ;34
  165     store.i      0         0          ;34
  166     ldval.adr    2         7          ;34
  167     ldval.i      2         9          ;36
  168     ixary.i      0         3          ;36
  169     ldval.adr    2         8          ;36
  170     ldval.i      1         6          ;36
  171     ixary.i      0         1          ;36
  172     ldval.i      1         7          ;36
  173     ixary.i      0         2          ;36
  174     rpadr.i      0         0          ;36
  175     chnwr.i      0         1          ;36
  176     ldval.adr    2         6          ;36
  177     ldval.i      2         9          ;37
  178     ixary.i      0         3          ;37
  179     ldval.i      2        13          ;37
  180     chnwr.i      0         1          ;37
  181     ldval.adr    2         5          ;37
  182     ldval.i      2         9          ;39
  183     ixary.i      0         3          ;39
  184     ldadr        2        11          ;39
  185     chnrd        0         1          ;39
  186     ldval.adr    2         8          ;41
  187     ldval.i      1         6          ;41
  188     ixary.i      0         1          ;41
  189     ldval.i      1         7          ;41
  190     ixary.i      0         2          ;41
  191     rpadr.i      0         0          ;41
  192     ldcon.i      0         0          ;41
  193     releq.i      0         0          ;41
  194     jmpiz        0       202          ;41
  195     ldadr        2        15          ;42
  196     ldval.i      1         6          ;43
  197     ixary.i      0         1          ;43
  198     ldval.i      1         7          ;43
  199     ixary.i      0         2          ;43
  200     ldval.i      2        11          ;43
  201     store.i      0         0          ;43
  202     ldval.adr    2         8          ;46
  203     ldval.i      1         6          ;46
  204     ixary.i      0         1          ;46
  205     ldval.i      1         7          ;46
  206     ixary.i      0         2          ;46
  207     rpadr.i      0         0          ;46
  208     ldcon.i      0         1          ;46
  209     releq.i      0         0          ;46
  210     ldval.i      2        13          ;46
  211     ldcon.i      0         2          ;46
  212     rellt.i      0         0          ;46
  213     ldval.i      2        13          ;46
  214     ldcon.i      0         3          ;46
  215     relgt.i      0         0          ;46
  216     iorop.b      0         0          ;46
  217     andop.b      0         0          ;46
  218     jmpiz        0       226          ;46
  219     ldadr        2        15          ;47
  220     ldval.i      1         6          ;48
  221     ixary.i      0         1          ;48
  222     ldval.i      1         7          ;48
  223     ixary.i      0         2          ;48
  224     ldval.i      2        11          ;48
  225     store.i      0         0          ;48
  226     ldadr        2        15          ;51
  227     ldval.i      1         6          ;51
  228     ixary.i      0         1          ;51
  229     ldval.i      1         7          ;51
  230     ixary.i      0         2          ;51
  231     rpadr.i      0         0          ;51
  232     ldcon.i      0         1          ;51
  233     releq.i      0         0          ;51
  234     jmpiz        0       238          ;51
  235     ldcon.c      0        88          ;52
  236     wrval.c      0         0          ;52
  237     jmpuc        0       240          ;52
  238     ldcon.c      0        45          ;54
  239     wrval.c      0         0          ;54
  240     ldval.i      1         6          ;55
  241     ldcon.i      0         6          ;55
  242     rellt.i      0         0          ;55
  243     jmpiz        0       246          ;55
  244     ldcon.c      0        43          ;56
  245     wrval.c      0         0          ;56
  246     ldadr        2         9          ;56
  247     ldval.i      2         9          ;57
  248     ldcon.i      0         1          ;57
  249     addop.i      0         0          ;57
  250     store.i      0         0          ;57
  251     for2u.i      0        21          ;57
  252     ldcon.c      0        32          ;59
  253     wrval.c      0         0          ;59
  254     wrlin        0         0          ;59
  255     for2u.i      0        17          ;59
  256     ldcon.c      0        32          ;61
  257     wrval.c      0         0          ;61
  258     wrlin        0         0          ;61
  259     ldval.adr    2         8          ;61
  260     ldadr        2        15          ;62
  261     cpblk        0        49          ;62
  262     ldadr        2        12          ;62
  263     ldval.i      2         9          ;63
  264     store.i      0         0          ;63
  265     for2u.i      0         7          ;63
  266     rproc        1         0          ;64
  267     ldval.adr    2         6          ;74
  268     ldadr        2         9          ;76
  269     chnrd        0         1          ;76
  270     ldval.adr    2         5          ;76
  271     ldadr        2        10          ;77
  272     chnrd        0         1          ;77
  273     ldval.i      2         9          ;80
  274     ldcon.i      0         0          ;80
  275     releq.i      0         0          ;80
  276     ldval.i      2        10          ;80
  277     ldcon.i      0         3          ;80
  278     releq.i      0         0          ;80
  279     andop.b      0         0          ;80
  280     jmpiz        0       285          ;80
  281     ldadr        2        11          ;81
  282     ldcon.i      0         1          ;82
  283     store.i      0         0          ;82
  284     jmpuc        0       300          ;83
  285     ldval.i      2         9          ;86
  286     ldcon.i      0         1          ;86
  287     releq.i      0         0          ;86
  288     ldval.i      2        10          ;86
  289     ldcon.i      0         2          ;86
  290     rellt.i      0         0          ;86
  291     ldval.i      2        10          ;86
  292     ldcon.i      0         3          ;86
  293     relgt.i      0         0          ;86
  294     iorop.b      0         0          ;86
  295     andop.b      0         0          ;86
  296     jmpiz        0       300          ;86
  297     ldadr        2        11          ;87
  298     ldcon.i      0         0          ;88
  299     store.i      0         0          ;88
  300     ldval.adr    2         7          ;90
  301     ldval.i      2        11          ;92
  302     chnwr.i      0         1          ;92
  303     rproc        1         0          ;92
  304     ldadr        1         5          ;103
  305     ldcon.i      0         0          ;104
  306     store.i      0         0          ;104
  307     ldadr        1         8          ;104
  308     ldcon.i      0         3          ;105
  309     store.i      0         0          ;105
  310     ldadr        1         9          ;105
  311     ldcon.i      0         5          ;106
  312     store.i      0         0          ;106
  313     ldadr        1        11          ;106
  314     ldval.i      1         8          ;107
  315     ldcon.i      0         6          ;107
  316     ldcon.i      0         1          ;107
  317     addop.i      0         0          ;107
  318     modop.i      0         0          ;107
  319     ixary.i      0         1          ;107
  320     ldval.i      1         9          ;107
  321     ldcon.i      0         6          ;107
  322     ldcon.i      0         1          ;107
  323     addop.i      0         0          ;107
  324     modop.i      0         0          ;107
  325     ixary.i      0         2          ;107
  326     ldcon.i      0         1          ;107
  327     store.i      0         0          ;107
  328     ldval.i      1         5          ;108
  329     ldcon.i      0         0          ;108
  330     releq.i      0         0          ;108
  331     jmpiz        0       592          ;108
  332     ldadr        1         7          ;109
  333     ldcon.i      0         0          ;110
  334     ldcon.i      0         6          ;110
  335     for1u.i      0       365          ;110
  336     ldadr        1         6          ;111
  337     ldcon.i      0         0          ;112
  338     ldcon.i      0         6          ;112
  339     for1u.i      0       361          ;112
  340     ldadr        1        11          ;114
  341     ldval.i      1         6          ;114
  342     ixary.i      0         1          ;114
  343     ldval.i      1         7          ;114
  344     ixary.i      0         2          ;114
  345     rpadr.i      0         0          ;114
  346     ldcon.i      0         1          ;114
  347     releq.i      0         0          ;114
  348     jmpiz        0       352          ;114
  349     ldcon.c      0        88          ;115
  350     wrval.c      0         0          ;115
  351     jmpuc        0       354          ;115
  352     ldcon.c      0        45          ;117
  353     wrval.c      0         0          ;117
  354     ldval.i      1         6          ;118
  355     ldcon.i      0         6          ;118
  356     rellt.i      0         0          ;118
  357     jmpiz        0       360          ;118
  358     ldcon.c      0        43          ;119
  359     wrval.c      0         0          ;119
  360     for2u.i      0       340          ;119
  361     ldcon.c      0        32          ;121
  362     wrval.c      0         0          ;121
  363     wrlin        0         0          ;121
  364     for2u.i      0       336          ;121
  365     ldcon.i      0        35          ;124
  366     wrstr        0         0          ;124
  367     wrlin        0         0          ;124
  368     ldcon.i      0        19          ;125
  369     wrstr        0        35          ;125
  370     wrlin        0         0          ;125
  371     ldcon.i      0        29          ;126
  372     wrstr        0        54          ;126
  373     wrlin        0         0          ;126
  374     ldadr        1        10          ;127
  375     rdinp.c      0         0          ;127
  376     rdlin        0         0          ;127
  377     ldval.c      1        10          ;128
  378     ldcon.c      0       119          ;128
  379     releq.c      0         0          ;128
  380     jmpiz        0       419          ;128
  381     ldadr        1        11          ;129
  382     ldval.i      1         8          ;130
  383     ldcon.i      0         6          ;130
  384     ldcon.i      0         1          ;130
  385     addop.i      0         0          ;130
  386     modop.i      0         0          ;130
  387     ixary.i      0         1          ;130
  388     ldval.i      1         9          ;130
  389     ldcon.i      0         6          ;130
  390     ldcon.i      0         1          ;130
  391     addop.i      0         0          ;130
  392     modop.i      0         0          ;130
  393     ixary.i      0         2          ;130
  394     ldcon.i      0         0          ;130
  395     store.i      0         0          ;130
  396     ldadr        1         8          ;130
  397     ldval.i      1         8          ;131
  398     store.i      0         0          ;131
  399     ldadr        1         9          ;131
  400     ldval.i      1         9          ;132
  401     ldcon.i      0         1          ;132
  402     subop.i      0         0          ;132
  403     store.i      0         0          ;132
  404     ldadr        1        11          ;132
  405     ldval.i      1         8          ;133
  406     ldcon.i      0         6          ;133
  407     ldcon.i      0         1          ;133
  408     addop.i      0         0          ;133
  409     modop.i      0         0          ;133
  410     ixary.i      0         1          ;133
  411     ldval.i      1         9          ;133
  412     ldcon.i      0         6          ;133
  413     ldcon.i      0         1          ;133
  414     addop.i      0         0          ;133
  415     modop.i      0         0          ;133
  416     ixary.i      0         2          ;133
  417     ldcon.i      0         1          ;133
  418     store.i      0         0          ;133
  419     ldval.c      1        10          ;135
  420     ldcon.c      0       115          ;135
  421     releq.c      0         0          ;135
  422     jmpiz        0       461          ;135
  423     ldadr        1        11          ;136
  424     ldval.i      1         8          ;137
  425     ldcon.i      0         6          ;137
  426     ldcon.i      0         1          ;137
  427     addop.i      0         0          ;137
  428     modop.i      0         0          ;137
  429     ixary.i      0         1          ;137
  430     ldval.i      1         9          ;137
  431     ldcon.i      0         6          ;137
  432     ldcon.i      0         1          ;137
  433     addop.i      0         0          ;137
  434     modop.i      0         0          ;137
  435     ixary.i      0         2          ;137
  436     ldcon.i      0         0          ;137
  437     store.i      0         0          ;137
  438     ldadr        1         8          ;137
  439     ldval.i      1         8          ;138
  440     store.i      0         0          ;138
  441     ldadr        1         9          ;138
  442     ldval.i      1         9          ;139
  443     ldcon.i      0         1          ;139
  444     addop.i      0         0          ;139
  445     store.i      0         0          ;139
  446     ldadr        1        11          ;139
  447     ldval.i      1         8          ;140
  448     ldcon.i      0         6          ;140
  449     ldcon.i      0         1          ;140
  450     addop.i      0         0          ;140
  451     modop.i      0         0          ;140
  452     ixary.i      0         1          ;140
  453     ldval.i      1         9          ;140
  454     ldcon.i      0         6          ;140
  455     ldcon.i      0         1          ;140
  456     addop.i      0         0          ;140
  457     modop.i      0         0          ;140
  458     ixary.i      0         2          ;140
  459     ldcon.i      0         1          ;140
  460     store.i      0         0          ;140
  461     ldval.c      1        10          ;142
  462     ldcon.c      0       100          ;142
  463     releq.c      0         0          ;142
  464     jmpiz        0       503          ;142
  465     ldadr        1        11          ;143
  466     ldval.i      1         8          ;144
  467     ldcon.i      0         6          ;144
  468     ldcon.i      0         1          ;144
  469     addop.i      0         0          ;144
  470     modop.i      0         0          ;144
  471     ixary.i      0         1          ;144
  472     ldval.i      1         9          ;144
  473     ldcon.i      0         6          ;144
  474     ldcon.i      0         1          ;144
  475     addop.i      0         0          ;144
  476     modop.i      0         0          ;144
  477     ixary.i      0         2          ;144
  478     ldcon.i      0         0          ;144
  479     store.i      0         0          ;144
  480     ldadr        1         8          ;144
  481     ldval.i      1         8          ;145
  482     ldcon.i      0         1          ;145
  483     addop.i      0         0          ;145
  484     store.i      0         0          ;145
  485     ldadr        1         9          ;145
  486     ldval.i      1         9          ;146
  487     store.i      0         0          ;146
  488     ldadr        1        11          ;146
  489     ldval.i      1         8          ;147
  490     ldcon.i      0         6          ;147
  491     ldcon.i      0         1          ;147
  492     addop.i      0         0          ;147
  493     modop.i      0         0          ;147
  494     ixary.i      0         1          ;147
  495     ldval.i      1         9          ;147
  496     ldcon.i      0         6          ;147
  497     ldcon.i      0         1          ;147
  498     addop.i      0         0          ;147
  499     modop.i      0         0          ;147
  500     ixary.i      0         2          ;147
  501     ldcon.i      0         1          ;147
  502     store.i      0         0          ;147
  503     ldval.c      1        10          ;149
  504     ldcon.c      0        97          ;149
  505     releq.c      0         0          ;149
  506     jmpiz        0       545          ;149
  507     ldadr        1        11          ;150
  508     ldval.i      1         8          ;151
  509     ldcon.i      0         6          ;151
  510     ldcon.i      0         1          ;151
  511     addop.i      0         0          ;151
  512     modop.i      0         0          ;151
  513     ixary.i      0         1          ;151
  514     ldval.i      1         9          ;151
  515     ldcon.i      0         6          ;151
  516     ldcon.i      0         1          ;151
  517     addop.i      0         0          ;151
  518     modop.i      0         0          ;151
  519     ixary.i      0         2          ;151
  520     ldcon.i      0         0          ;151
  521     store.i      0         0          ;151
  522     ldadr        1         9          ;151
  523     ldval.i      1         9          ;152
  524     store.i      0         0          ;152
  525     ldadr        1         8          ;152
  526     ldval.i      1         8          ;153
  527     ldcon.i      0         1          ;153
  528     subop.i      0         0          ;153
  529     store.i      0         0          ;153
  530     ldadr        1        11          ;153
  531     ldval.i      1         8          ;154
  532     ldcon.i      0         6          ;154
  533     ldcon.i      0         1          ;154
  534     addop.i      0         0          ;154
  535     modop.i      0         0          ;154
  536     ixary.i      0         1          ;154
  537     ldval.i      1         9          ;154
  538     ldcon.i      0         6          ;154
  539     ldcon.i      0         1          ;154
  540     addop.i      0         0          ;154
  541     modop.i      0         0          ;154
  542     ixary.i      0         2          ;154
  543     ldcon.i      0         1          ;154
  544     store.i      0         0          ;154
  545     ldval.c      1        10          ;156
  546     ldcon.c      0       102          ;156
  547     releq.c      0         0          ;156
  548     jmpiz        0       584          ;156
  549     ldadr        1        11          ;157
  550     ldval.i      1         8          ;158
  551     ldcon.i      0         6          ;158
  552     ldcon.i      0         1          ;158
  553     addop.i      0         0          ;158
  554     modop.i      0         0          ;158
  555     ixary.i      0         1          ;158
  556     ldval.i      1         9          ;158
  557     ldcon.i      0         6          ;158
  558     ldcon.i      0         1          ;158
  559     addop.i      0         0          ;158
  560     modop.i      0         0          ;158
  561     ixary.i      0         2          ;158
  562     ldcon.i      0         1          ;158
  563     store.i      0         0          ;158
  564     ldadr        1         8          ;158
  565     ldval.i      1         8          ;159
  566     ldcon.i      0         1          ;159
  567     addop.i      0         0          ;159
  568     store.i      0         0          ;159
  569     ldadr        1        11          ;159
  570     ldval.i      1         8          ;160
  571     ldcon.i      0         6          ;160
  572     ldcon.i      0         1          ;160
  573     addop.i      0         0          ;160
  574     modop.i      0         0          ;160
  575     ixary.i      0         1          ;160
  576     ldval.i      1         9          ;160
  577     ldcon.i      0         6          ;160
  578     ldcon.i      0         1          ;160
  579     addop.i      0         0          ;160
  580     modop.i      0         0          ;160
  581     ixary.i      0         2          ;160
  582     ldcon.i      0         1          ;160
  583     store.i      0         0          ;160
  584     ldval.c      1        10          ;162
  585     ldcon.c      0       106          ;162
  586     releq.c      0         0          ;162
  587     jmpiz        0       591          ;162
  588     ldadr        1         5          ;163
  589     ldcon.i      0         1          ;164
  590     store.i      0         0          ;164
  591     jmpuc        0       328          ;165
  592     cobeg        0         0          ;166
  593     mkstk        1        58          ;171
  594     ldadr        1        60          ;171
  595     procv        0         0          ;171
  596     ldadr        1       261          ;172
  597     ldadr        1      9261          ;172
  598     ldadr        1     18261          ;172
  599     ldadr        1        11          ;172
  600     calls        1         8          ;172
  601     ldadr        1     27261          ;172
  602     ldcon.i      0         1          ;173
  603     ldcon.i      0         6          ;173
  604     ldcon.i      0         1          ;173
  605     addop.i      0         0          ;173
  606     ldcon.i      0         6          ;173
  607     ldcon.i      0         1          ;173
  608     addop.i      0         0          ;173
  609     mulop.i      0         0          ;173
  610     ldcon.i      0         3          ;173
  611     mulop.i      0         0          ;173
  612     for1u.i      0       629          ;173
  613     mkstk        1        70          ;173
  614     ldadr        1        61          ;173
  615     ldval.i      1     27261          ;174
  616     ixary.i      0         4          ;174
  617     procv        0         0          ;174
  618     ldadr        1      9261          ;174
  619     ldval.i      1     27261          ;174
  620     ixary.i      0         3          ;174
  621     ldadr        1     18261          ;174
  622     ldval.i      1     27261          ;174
  623     ixary.i      0         3          ;174
  624     ldadr        1       261          ;174
  625     ldval.i      1     27261          ;174
  626     ixary.i      0         3          ;174
  627     calls        1         7          ;174
  628     for2u.i      0       613          ;174
  629     coend        0         0          ;175
  630     stopx        0         0          ;177
