- Pascal-FC for IBM PC compatibles - 
- GNU Compiler Version P5.2.1.5

G L Davies  &  A Burns, University of York
G Ospina, Escuela Colombiana de Ingenieria Julio Garavito

Compiler listing

    1     0 program lab03a;
    2     0 
    3     0 const P = 200;
    4     0 const N = 2000;
    5     0 type Tcanal = channel of Integer;
    6     0 type Tvector = array[1..N] of Integer;
    7     0 Tcanales = array[1..P] of Tcanal;
    8     0 var vektorDatos: Tvector;
    9     0 
   10     0     process type TPvector(var canalIn: Tcanal; var canalOut: Tcanales; longitud, procesos:Integer; var vektor1: Tvector);
   11     0     var j, minimo : Integer;
   12     0         begin
   13     0             {distribuir datos del vektor}
   14     0             begin
   15     0                 for j := 1 to longitud do
   16     4                 begin
   17     4                     canalOut[(j mod procesos) + 1] ! vektor1[j];
   18    16                 end;      
   19    17             end;
   20    17             canalIn ? minimo;
   21    20             WriteLn(minimo);
   22    23         end;
   23    24 
   24    24     process type TPminimo(var canalIn: Tcanal; var canalOut :Tcanal; ndatos:Integer);
   25    24     var i: integer;
   26    24     var dato:Integer;
   27    24     var min:Integer;
   28    24     begin
   29    24     min:= 999999999;
   30    27     for i:= 1 to ndatos do
   31    31         begin
   32    31             canalIn ? dato;
   33    34              if dato < min then
   34    38                 min := dato;
   35    41         end;
   36    42         canalOut !  min;
   37    45     end;
   38    46 
   39    46     process type TPminimoGlobal(var canalIn:Tcanales; var canalOut:Tcanal; longitud, procesos:Integer);
   40    46     var i: integer;
   41    46     var dato:Integer;
   42    46     var min:Integer;
   43    46     begin
   44    46     canalIn[1] ? min;
   45    51         for i:= 2 to procesos do
   46    55         begin
   47    55             canalIn[i] ? dato;
   48    60             if dato < min then
   49    64                 min := dato;
   50    67         end;
   51    68         canalOut !  min;
   52    71     end;
   53    72 
   54    72     type Tprocesses = ARRAY[1..P] of TPminimo;
   55    72     var pvector: TPvector;
   56    72     var locales: Tprocesses;
   57    72     var mglobal: TPminimoGlobal;
   58    72     var canalIz: Tcanales;
   59    72     var canDer: Tcanales;
   60    72     var canalMinino: Tcanal;
   61    72     var j: integer;
   62    72     var longitud, procesos : Integer;
   63    72     begin
   64    72         ReadLn( longitud );
   65    75         ReadLn( procesos );
   66    78         {leer el vektor}            
   67    78         begin
   68    78           for j := 1 to longitud do
   69    82             begin
   70    82                 ReadLn( vektorDatos[j] );
   71    87             end;      
   72    88         end;
   73    88         begin
   74    88             cobegin
   75    89                 pvector(canalMinino, canalIz, longitud, procesos, vektorDatos);
   76    98                     for j := 1 to procesos do
   77   102                         locales[j](canalIz[j], canDer[j], (longitud div procesos));
   78   118                 mglobal(canDer, canalMinino, longitud, procesos);
   79   126             coend;
   80   127         end;    
   81   127     end.



Symbol table

    name       link      objekt       type         ref      nrm  lev  adr  aux

 45 _main        44     procedure   notyp           2      True    0   72    0
 46 any           0     variable    synch           0      True    1    5    0
 47 p            46     constant    integer         0     False    1  200    0
 48 n            47     constant    integer         0     False    1 2000    0
 49 tcanal       48     type id     channel         1     False    1    3    0
 50 tvector      49     type id     array           1     False    1 2000    0
 51 tcanales     50     type id     array           2     False    1  600    0
 52 vektordato   51     variable    array           1      True    1    5    0
 53 tpvector     52     type id     process         3      True    1    0    0
 54 canalin       0     variable    channel         1     False    2    5    0
 55 canalout     54     variable    array           2     False    2    6    0
 56 longitud     55     variable    integer         0      True    2    7    0
 57 procesos     56     variable    integer         0      True    2    8    0
 58 vektor1      57     variable    array           1     False    2    9    0
 59 j            58     variable    integer         0      True    2   10    0
 60 minimo       59     variable    integer         0      True    2   11    0
 61 tpminimo     53     type id     process         4      True    1   24    0
 62 canalin       0     variable    channel         1     False    2    5    0
 63 canalout     62     variable    channel         1     False    2    6    0
 64 ndatos       63     variable    integer         0      True    2    7    0
 65 i            64     variable    integer         0      True    2    8    0
 66 dato         65     variable    integer         0      True    2    9    0
 67 min          66     variable    integer         0      True    2   10    0
 68 tpminimogl   61     type id     process         5      True    1   46    0
 69 canalin       0     variable    array           2     False    2    5    0
 70 canalout     69     variable    channel         1     False    2    6    0
 71 longitud     70     variable    integer         0      True    2    7    0
 72 procesos     71     variable    integer         0      True    2    8    0
 73 i            72     variable    integer         0      True    2    9    0
 74 dato         73     variable    integer         0      True    2   10    0
 75 min          74     variable    integer         0      True    2   11    0
 76 tprocesses   68     type id     array           3     False    1  200    0
 77 pvector      76     variable    process         3      True    1 2005    0
 78 locales      77     variable    array           3      True    1 2006    0
 79 mglobal      78     variable    process         5      True    1 2206    0
 80 canaliz      79     variable    array           2      True    1 2207    0
 81 cander       80     variable    array           2      True    1 2807    0
 82 canalminin   81     variable    channel         1      True    1 3407    0
 83 j            82     variable    integer         0      True    1 3410    0
 84 longitud     83     variable    integer         0      True    1 3411    0
 85 procesos     84     variable    integer         0      True    1 3412    0

Generated P-code

    0     ldadr        2        10          ;14
    1     ldcon.i      0         1          ;15
    2     ldval.i      2         7          ;15
    3     for1u.i      0        17          ;15
    4     ldval.adr    2         6          ;16
    5     ldval.i      2        10          ;17
    6     ldval.i      2         8          ;17
    7     modop.i      0         0          ;17
    8     ldcon.i      0         1          ;17
    9     addop.i      0         0          ;17
   10     ixary.i      0         2          ;17
   11     ldval.adr    2         9          ;17
   12     ldval.i      2        10          ;17
   13     ixary.i      0         1          ;17
   14     rpadr.i      0         0          ;17
   15     chnwr.i      0         1          ;17
   16     for2u.i      0         4          ;17
   17     ldval.adr    2         5          ;19
   18     ldadr        2        11          ;20
   19     chnrd        0         1          ;20
   20     ldval.i      2        11          ;21
   21     wrval.i      0         0          ;21
   22     wrlin        0         0          ;21
   23     rproc        1         0          ;21
   24     ldadr        2        10          ;28
   25     ldcon.i      0 999999999          ;29
   26     store.i      0         0          ;29
   27     ldadr        2         8          ;29
   28     ldcon.i      0         1          ;30
   29     ldval.i      2         7          ;30
   30     for1u.i      0        42          ;30
   31     ldval.adr    2         5          ;31
   32     ldadr        2         9          ;32
   33     chnrd        0         1          ;32
   34     ldval.i      2         9          ;33
   35     ldval.i      2        10          ;33
   36     rellt.i      0         0          ;33
   37     jmpiz        0        41          ;33
   38     ldadr        2        10          ;33
   39     ldval.i      2         9          ;34
   40     store.i      0         0          ;34
   41     for2u.i      0        31          ;34
   42     ldval.adr    2         6          ;35
   43     ldval.i      2        10          ;36
   44     chnwr.i      0         1          ;36
   45     rproc        1         0          ;36
   46     ldval.adr    2         5          ;43
   47     ldcon.i      0         1          ;44
   48     ixary.i      0         2          ;44
   49     ldadr        2        11          ;44
   50     chnrd        0         1          ;44
   51     ldadr        2         9          ;44
   52     ldcon.i      0         2          ;45
   53     ldval.i      2         8          ;45
   54     for1u.i      0        68          ;45
   55     ldval.adr    2         5          ;46
   56     ldval.i      2         9          ;47
   57     ixary.i      0         2          ;47
   58     ldadr        2        10          ;47
   59     chnrd        0         1          ;47
   60     ldval.i      2        10          ;48
   61     ldval.i      2        11          ;48
   62     rellt.i      0         0          ;48
   63     jmpiz        0        67          ;48
   64     ldadr        2        11          ;48
   65     ldval.i      2        10          ;49
   66     store.i      0         0          ;49
   67     for2u.i      0        55          ;49
   68     ldval.adr    2         6          ;50
   69     ldval.i      2        11          ;51
   70     chnwr.i      0         1          ;51
   71     rproc        1         0          ;51
   72     ldadr        1      3411          ;64
   73     rdinp.i      0         0          ;64
   74     rdlin        0         0          ;64
   75     ldadr        1      3412          ;65
   76     rdinp.i      0         0          ;65
   77     rdlin        0         0          ;65
   78     ldadr        1      3410          ;67
   79     ldcon.i      0         1          ;68
   80     ldval.i      1      3411          ;68
   81     for1u.i      0        88          ;68
   82     ldadr        1         5          ;70
   83     ldval.i      1      3410          ;70
   84     ixary.i      0         1          ;70
   85     rdinp.i      0         0          ;70
   86     rdlin        0         0          ;70
   87     for2u.i      0        82          ;70
   88     cobeg        0         0          ;72
   89     mkstk        1        53          ;74
   90     ldadr        1      2005          ;74
   91     procv        0         0          ;74
   92     ldadr        1      3407          ;75
   93     ldadr        1      2207          ;75
   94     ldval.i      1      3411          ;75
   95     ldval.i      1      3412          ;75
   96     ldadr        1         5          ;75
   97     calls        1         9          ;75
   98     ldadr        1      3410          ;75
   99     ldcon.i      0         1          ;76
  100     ldval.i      1      3412          ;76
  101     for1u.i      0       118          ;76
  102     mkstk        1        61          ;76
  103     ldadr        1      2006          ;76
  104     ldval.i      1      3410          ;77
  105     ixary.i      0         3          ;77
  106     procv        0         0          ;77
  107     ldadr        1      2207          ;77
  108     ldval.i      1      3410          ;77
  109     ixary.i      0         2          ;77
  110     ldadr        1      2807          ;77
  111     ldval.i      1      3410          ;77
  112     ixary.i      0         2          ;77
  113     ldval.i      1      3411          ;77
  114     ldval.i      1      3412          ;77
  115     divop.i      0         0          ;77
  116     calls        1         7          ;77
  117     for2u.i      0       102          ;77
  118     mkstk        1        68          ;77
  119     ldadr        1      2206          ;77
  120     procv        0         0          ;77
  121     ldadr        1      2807          ;78
  122     ldadr        1      3407          ;78
  123     ldval.i      1      3411          ;78
  124     ldval.i      1      3412          ;78
  125     calls        1         8          ;78
  126     coend        0         0          ;78
  127     stopx        0         0          ;80
